  set容器——内置类型指定排序规则.cpp
C:\Program Files\Microsoft Visual Studio\2022\Community\VC\Tools\MSVC\14.35.32215\include\xutility(1137,19): error C3848: 具有类型“const Mycompare”的表达式会丢失一些 const-volatile 限定符以调用“bool Mycompare::operator ()(int,int)”
C:\Program Files\Microsoft Visual Studio\2022\Community\VC\Tools\MSVC\14.35.32215\include\xutility(1137,19): message : 尝试匹配参数列表“(const _Kty, const _Keyty)”时
          with
          [
              _Kty=int
          ]
          and
          [
              _Keyty=int
          ]
C:\Program Files\Microsoft Visual Studio\2022\Community\VC\Tools\MSVC\14.35.32215\include\xutility(1136,16): message : 查看对正在编译的函数 模板 实例化“bool std::_Debug_lt_pred<const Mycompare&,const _Kty&,const _Keyty&,0>(_Pr,_Ty1,_Ty2) noexcept(<expr>)”的引用
          with
          [
              _Kty=int,
              _Keyty=int,
              _Pr=const Mycompare &,
              _Ty1=const int &,
              _Ty2=const int &
          ]
C:\Program Files\Microsoft Visual Studio\2022\Community\VC\Tools\MSVC\14.35.32215\include\xtree(994): message : 查看对正在编译的函数 模板 实例化“std::_Tree_find_result<std::_Tree_node<int,std::_Default_allocator_traits<_Alloc>::void_pointer> *> std::_Tree<std::_Tset_traits<_Kty,_Pr,_Alloc,false>>::_Find_lower_bound<_Key>(const _Keyty &) const”的引用
          with
          [
              _Alloc=std::allocator<int>,
              _Kty=int,
              _Pr=Mycompare,
              _Key=int,
              _Keyty=int
          ]
C:\Program Files\Microsoft Visual Studio\2022\Community\VC\Tools\MSVC\14.35.32215\include\xtree(1001,33): message : 查看对正在编译的函数 模板 实例化“std::_Tree_find_result<std::_Tree_node<int,std::_Default_allocator_traits<_Alloc>::void_pointer> *> std::_Tree<std::_Tset_traits<_Kty,_Pr,_Alloc,false>>::_Find_lower_bound<_Key>(const _Keyty &) const”的引用
          with
          [
              _Alloc=std::allocator<int>,
              _Kty=int,
              _Pr=Mycompare,
              _Key=int,
              _Keyty=int
          ]
C:\Program Files\Microsoft Visual Studio\2022\Community\VC\Tools\MSVC\14.35.32215\include\xtree(1230,1): message : 查看对正在编译的函数 模板 实例化“std::pair<std::_Tree_node<int,std::_Default_allocator_traits<_Alloc>::void_pointer> *,bool> std::_Tree<std::_Tset_traits<_Kty,_Pr,_Alloc,false>>::_Emplace<int>(int &&)”的引用
          with
          [
              _Alloc=std::allocator<int>,
              _Kty=int,
              _Pr=Mycompare
          ]
C:\Program Files\Microsoft Visual Studio\2022\Community\VC\Tools\MSVC\14.35.32215\include\xtree(1230,30): message : 查看对正在编译的函数 模板 实例化“std::pair<std::_Tree_node<int,std::_Default_allocator_traits<_Alloc>::void_pointer> *,bool> std::_Tree<std::_Tset_traits<_Kty,_Pr,_Alloc,false>>::_Emplace<int>(int &&)”的引用
          with
          [
              _Alloc=std::allocator<int>,
              _Kty=int,
              _Pr=Mycompare
          ]
D:\VS——项目\set容器——内置类型指定排序规则\set容器——内置类型指定排序规则.cpp(33,14): message : 查看对正在编译的函数 模板 实例化“std::pair<std::_Tree_const_iterator<std::_Tree_val<std::_Tree_simple_types<int>>>,bool> std::_Tree<std::_Tset_traits<_Kty,_Pr,_Alloc,false>>::insert<false,0>(int &&)”的引用
          with
          [
              _Kty=int,
              _Pr=Mycompare,
              _Alloc=std::allocator<int>
          ]
D:\VS——项目\set容器——内置类型指定排序规则\set容器——内置类型指定排序规则.cpp(33,11): message : 查看对正在编译的函数 模板 实例化“std::pair<std::_Tree_const_iterator<std::_Tree_val<std::_Tree_simple_types<int>>>,bool> std::_Tree<std::_Tset_traits<_Kty,_Pr,_Alloc,false>>::insert<false,0>(int &&)”的引用
          with
          [
              _Kty=int,
              _Pr=Mycompare,
              _Alloc=std::allocator<int>
          ]
